<?xml version="1.0" encoding="UTF-8"?>
<testng-results ignored="0" total="1" passed="1" failed="0" skipped="0">
  <reporter-output>
  </reporter-output>
  <suite started-at="2024-05-01T10:50:27 IST" name="Default suite" finished-at="2024-05-01T10:50:27 IST" duration-ms="181">
    <groups>
    </groups>
    <test started-at="2024-05-01T10:50:27 IST" name="Default test" finished-at="2024-05-01T10:50:27 IST" duration-ms="181">
      <class name="Testclasses.BaseTest">
        <test-method is-config="true" signature="initBrowser()[pri:0, instance:Testclasses.BaseTest@5677323c]" started-at="2024-05-01T10:45:43 IST" name="initBrowser" finished-at="2024-05-01T10:50:27 IST" duration-ms="284362" status="PASS">
          <reporter-output>
          </reporter-output>
        </test-method> <!-- initBrowser -->
        <test-method is-config="true" signature="objectCreation()[pri:0, instance:Testclasses.BaseTest@5677323c]" started-at="2024-05-01T10:50:27 IST" name="objectCreation" finished-at="2024-05-01T10:50:27 IST" duration-ms="60" status="PASS">
          <reporter-output>
          </reporter-output>
        </test-method> <!-- objectCreation -->
        <test-method signature="run()[pri:0, instance:Testclasses.BaseTest@5677323c]" started-at="2024-05-01T10:50:27 IST" name="run" finished-at="2024-05-01T10:50:27 IST" duration-ms="11" status="PASS">
          <reporter-output>
          </reporter-output>
        </test-method> <!-- run -->
        <test-method is-config="true" signature="tearDown()[pri:0, instance:Testclasses.BaseTest@5677323c]" started-at="2024-05-01T10:50:27 IST" name="tearDown" finished-at="2024-05-01T10:50:28 IST" duration-ms="749" status="PASS">
          <reporter-output>
          </reporter-output>
        </test-method> <!-- tearDown -->
      </class> <!-- Testclasses.BaseTest -->
    </test> <!-- Default test -->
  </suite> <!-- Default suite -->
</testng-results>
